  Source.cpp
D:\STL\STL\STL_8_1\String.h(75,21): warning C4018: '<': signed/unsigned mismatch
D:\STL\STL\STL_8_1\String.h(185,20): warning C4018: '<': signed/unsigned mismatch
C:\Program Files (x86)\Microsoft Visual Studio\2019\Community\VC\Tools\MSVC\14.28.29910\include\xutility(425,93): error C2794: 'value_type': is not a member of any direct or indirect base class of 'std::indirectly_readable_traits<String_iterator>'
C:\Program Files (x86)\Microsoft Visual Studio\2019\Community\VC\Tools\MSVC\14.28.29910\include\xutility(1157): message : see reference to alias template instantiation 'std::iter_value_t<String::iterator>' being compiled
C:\Program Files (x86)\Microsoft Visual Studio\2019\Community\VC\Tools\MSVC\14.28.29910\include\algorithm(7359): message : see reference to alias template instantiation 'std::_Iter_value_t<String::iterator>' being compiled
C:\Program Files (x86)\Microsoft Visual Studio\2019\Community\VC\Tools\MSVC\14.28.29910\include\algorithm(7485): message : see reference to function template instantiation '_BidIt std::_Insertion_sort_unchecked<_RanIt,_Pr>(const _BidIt,const _BidIt,_Pr)' being compiled
          with
          [
              _BidIt=String::iterator,
              _RanIt=String::iterator,
              _Pr=std::less<void>
          ]
C:\Program Files (x86)\Microsoft Visual Studio\2019\Community\VC\Tools\MSVC\14.28.29910\include\algorithm(7515): message : see reference to function template instantiation 'void std::_Sort_unchecked<_RanIt,_Fn>(_RanIt,_RanIt,int,_Pr)' being compiled
          with
          [
              _RanIt=String::iterator,
              _Fn=std::less<void>,
              _Pr=std::less<void>
          ]
C:\Program Files (x86)\Microsoft Visual Studio\2019\Community\VC\Tools\MSVC\14.28.29910\include\algorithm(7520): message : see reference to function template instantiation 'void std::sort<_RanIt,std::less<void>>(const _RanIt,const _RanIt,_Pr)' being compiled
          with
          [
              _RanIt=String::iterator,
              _Pr=std::less<void>
          ]
D:\STL\STL\STL_8_1\Source.cpp(48): message : see reference to function template instantiation 'void std::sort<String::iterator>(const _RanIt,const _RanIt)' being compiled
          with
          [
              _RanIt=String::iterator
          ]
C:\Program Files (x86)\Microsoft Visual Studio\2019\Community\VC\Tools\MSVC\14.28.29910\include\xutility(1157,1): error C2938: 'std::iter_value_t' : Failed to specialize alias template
C:\Program Files (x86)\Microsoft Visual Studio\2019\Community\VC\Tools\MSVC\14.28.29910\include\algorithm(7359,52): error C2100: illegal indirection
C:\Program Files (x86)\Microsoft Visual Studio\2019\Community\VC\Tools\MSVC\14.28.29910\include\algorithm(7361,17): error C2100: illegal indirection
C:\Program Files (x86)\Microsoft Visual Studio\2019\Community\VC\Tools\MSVC\14.28.29910\include\algorithm(7363,17): error C2100: illegal indirection
C:\Program Files (x86)\Microsoft Visual Studio\2019\Community\VC\Tools\MSVC\14.28.29910\include\algorithm(7363,32): error C2672: 'move': no matching overloaded function found
C:\Program Files (x86)\Microsoft Visual Studio\2019\Community\VC\Tools\MSVC\14.28.29910\include\algorithm(7363,1): error C2893: Failed to specialize function template 'remove_reference<_Ty>::type &&std::move(_Ty &&) noexcept'
C:\Program Files (x86)\Microsoft Visual Studio\2019\Community\VC\Tools\MSVC\14.28.29910\include\type_traits(1455): message : see declaration of 'std::move'
C:\Program Files (x86)\Microsoft Visual Studio\2019\Community\VC\Tools\MSVC\14.28.29910\include\algorithm(7363,1): message : With the following template arguments:
C:\Program Files (x86)\Microsoft Visual Studio\2019\Community\VC\Tools\MSVC\14.28.29910\include\algorithm(7363,1): message : '_Ty=unknown-type &'
C:\Program Files (x86)\Microsoft Visual Studio\2019\Community\VC\Tools\MSVC\14.28.29910\include\algorithm(7365,44): error C2100: illegal indirection
C:\Program Files (x86)\Microsoft Visual Studio\2019\Community\VC\Tools\MSVC\14.28.29910\include\algorithm(7366,21): error C2100: illegal indirection
C:\Program Files (x86)\Microsoft Visual Studio\2019\Community\VC\Tools\MSVC\14.28.29910\include\algorithm(7366,40): error C2100: illegal indirection
C:\Program Files (x86)\Microsoft Visual Studio\2019\Community\VC\Tools\MSVC\14.28.29910\include\algorithm(7369,17): error C2100: illegal indirection
C:\Program Files (x86)\Microsoft Visual Studio\2019\Community\VC\Tools\MSVC\14.28.29910\include\algorithm(7369,31): error C2672: 'move': no matching overloaded function found
C:\Program Files (x86)\Microsoft Visual Studio\2019\Community\VC\Tools\MSVC\14.28.29910\include\algorithm(7369,1): error C2893: Failed to specialize function template 'remove_reference<_Ty>::type &&std::move(_Ty &&) noexcept'
C:\Program Files (x86)\Microsoft Visual Studio\2019\Community\VC\Tools\MSVC\14.28.29910\include\type_traits(1455): message : see declaration of 'std::move'
C:\Program Files (x86)\Microsoft Visual Studio\2019\Community\VC\Tools\MSVC\14.28.29910\include\algorithm(7369,1): message : With the following template arguments:
C:\Program Files (x86)\Microsoft Visual Studio\2019\Community\VC\Tools\MSVC\14.28.29910\include\algorithm(7369,1): message : '_Ty=unknown-type &'
C:\Program Files (x86)\Microsoft Visual Studio\2019\Community\VC\Tools\MSVC\14.28.29910\include\algorithm(6308,57): error C2676: binary '+': '_RanIt' does not define this operator or a conversion to a type acceptable to the predefined operator
          with
          [
              _RanIt=String::iterator
          ]
C:\Program Files (x86)\Microsoft Visual Studio\2019\Community\VC\Tools\MSVC\14.28.29910\include\algorithm(6308,43): error C2672: 'move': no matching overloaded function found
C:\Program Files (x86)\Microsoft Visual Studio\2019\Community\VC\Tools\MSVC\14.28.29910\include\algorithm(6308,1): error C2780: '_FwdIt2 std::move(_ExPo &&,_FwdIt1,_FwdIt1,_FwdIt2) noexcept': expects 4 arguments - 1 provided
C:\Program Files (x86)\Microsoft Visual Studio\2019\Community\VC\Tools\MSVC\14.28.29910\include\xutility(4704): message : see declaration of 'std::move'
C:\Program Files (x86)\Microsoft Visual Studio\2019\Community\VC\Tools\MSVC\14.28.29910\include\algorithm(6308,1): error C2780: '_OutIt std::move(_InIt,_InIt,_OutIt)': expects 3 arguments - 1 provided
C:\Program Files (x86)\Microsoft Visual Studio\2019\Community\VC\Tools\MSVC\14.28.29910\include\xutility(4692): message : see declaration of 'std::move'
C:\Program Files (x86)\Microsoft Visual Studio\2019\Community\VC\Tools\MSVC\14.28.29910\include\algorithm(6309,62): error C2672: 'move': no matching overloaded function found
C:\Program Files (x86)\Microsoft Visual Studio\2019\Community\VC\Tools\MSVC\14.28.29910\include\algorithm(6309,1): error C2893: Failed to specialize function template 'remove_reference<_Ty>::type &&std::move(_Ty &&) noexcept'
C:\Program Files (x86)\Microsoft Visual Studio\2019\Community\VC\Tools\MSVC\14.28.29910\include\type_traits(1455): message : see declaration of 'std::move'
C:\Program Files (x86)\Microsoft Visual Studio\2019\Community\VC\Tools\MSVC\14.28.29910\include\algorithm(6309,1): message : With the following template arguments:
C:\Program Files (x86)\Microsoft Visual Studio\2019\Community\VC\Tools\MSVC\14.28.29910\include\algorithm(6309,1): message : '_Ty=unknown-type &'
C:\Program Files (x86)\Microsoft Visual Studio\2019\Community\VC\Tools\MSVC\14.28.29910\include\algorithm(6309,9): error C2672: '_Pop_heap_hole_by_index': no matching overloaded function found
C:\Program Files (x86)\Microsoft Visual Studio\2019\Community\VC\Tools\MSVC\14.28.29910\include\algorithm(6309,1): error C2780: 'void std::_Pop_heap_hole_by_index(_RanIt,conditional_t<std::_Is_from_primary<std::iterator_traits<remove_cv<remove_reference<_Ty>::type>::type>>,std::incrementable_traits<remove_cv<remove_reference<_Ty>::type>::type>,std::iterator_traits<remove_cv<remove_reference<_Ty>::type>::type>>::difference_type,conditional_t<std::_Is_from_primary<std::iterator_traits<remove_cv<remove_reference<_Ty>::type>::type>>,std::incrementable_traits<remove_cv<remove_reference<_Ty>::type>::type>,std::iterator_traits<remove_cv<remove_reference<_Ty>::type>::type>>::difference_type,_Ty &&,_Pr)': expects 5 arguments - 4 provided
C:\Program Files (x86)\Microsoft Visual Studio\2019\Community\VC\Tools\MSVC\14.28.29910\include\algorithm(6129): message : see declaration of 'std::_Pop_heap_hole_by_index'
C:\Program Files (x86)\Microsoft Visual Studio\2019\Community\VC\Tools\MSVC\14.28.29910\include\algorithm(7413,26): error C2676: binary '+': '_RanIt' does not define this operator or a conversion to a type acceptable to the predefined operator
          with
          [
              _RanIt=String::iterator
          ]
C:\Program Files (x86)\Microsoft Visual Studio\2019\Community\VC\Tools\MSVC\14.28.29910\include\algorithm(7496): message : see reference to function template instantiation 'std::pair<_RanIt,_RanIt> std::_Partition_by_median_guess_unchecked<_RanIt,_Pr>(_RanIt,_RanIt,_Pr)' being compiled
          with
          [
              _RanIt=String::iterator,
              _Pr=std::less<void>
          ]
C:\Program Files (x86)\Microsoft Visual Studio\2019\Community\VC\Tools\MSVC\14.28.29910\include\algorithm(7413,17): error C2512: 'String_iterator': no appropriate default constructor available
D:\STL\STL\STL_8_1\String.h(20,7): message : see declaration of 'String_iterator'
C:\Program Files (x86)\Microsoft Visual Studio\2019\Community\VC\Tools\MSVC\14.28.29910\include\algorithm(7418,33): error C2100: illegal indirection
C:\Program Files (x86)\Microsoft Visual Studio\2019\Community\VC\Tools\MSVC\14.28.29910\include\algorithm(7419,22): error C2100: illegal indirection
C:\Program Files (x86)\Microsoft Visual Studio\2019\Community\VC\Tools\MSVC\14.28.29910\include\algorithm(7419,32): error C2100: illegal indirection
C:\Program Files (x86)\Microsoft Visual Studio\2019\Community\VC\Tools\MSVC\14.28.29910\include\algorithm(7423,31): error C2100: illegal indirection
C:\Program Files (x86)\Microsoft Visual Studio\2019\Community\VC\Tools\MSVC\14.28.29910\include\algorithm(7423,82): error C2100: illegal indirection
C:\Program Files (x86)\Microsoft Visual Studio\2019\Community\VC\Tools\MSVC\14.28.29910\include\algorithm(7423,92): error C2100: illegal indirection
C:\Program Files (x86)\Microsoft Visual Studio\2019\Community\VC\Tools\MSVC\14.28.29910\include\algorithm(7432,17): error C2100: illegal indirection
C:\Program Files (x86)\Microsoft Visual Studio\2019\Community\VC\Tools\MSVC\14.28.29910\include\algorithm(7434,30): error C2100: illegal indirection
C:\Program Files (x86)\Microsoft Visual Studio\2019\Community\VC\Tools\MSVC\14.28.29910\include\algorithm(7434,40): error C2100: illegal indirection
C:\Program Files (x86)\Microsoft Visual Studio\2019\Community\VC\Tools\MSVC\14.28.29910\include\algorithm(7445,17): error C2100: illegal indirection
C:\Program Files (x86)\Microsoft Visual Studio\2019\Community\VC\Tools\MSVC\14.28.29910\include\algorithm(7447,30): error C2100: illegal indirection
C:\Program Files (x86)\Microsoft Visual Studio\2019\Community\VC\Tools\MSVC\14.28.29910\include\algorithm(7447,40): error C2100: illegal indirection
